INFO:     Started server process [205]
INFO:     Waiting for application startup.
INFO:     Application startup complete.
INFO:     Uvicorn running on http://0.0.0.0:8000 (Press CTRL+C to quit)
2026-02-06 22:51:06,421 - httpx - INFO - HTTP Request: GET https://vxblnqeiujmjkydxnqex.supabase.co/rest/v1/users?select=id&limit=1 "HTTP/2 200 OK"
WARNING: SUPABASE_SERVICE_ROLE_KEY not set, using anon key (auth may fail due to RLS)
INFO:     127.0.0.1:59356 - "GET /api/auth/health HTTP/1.1" 200 OK
2026-02-06 22:51:18,193 - httpx - INFO - HTTP Request: GET https://vxblnqeiujmjkydxnqex.supabase.co/rest/v1/users?select=%2A&email=eq.admin%40illinoisestatelaw.com "HTTP/2 200 OK"
INFO:     127.0.0.1:41860 - "POST /api/auth/login HTTP/1.1" 200 OK
2026-02-06 22:51:18,691 - httpx - INFO - HTTP Request: GET https://vxblnqeiujmjkydxnqex.supabase.co/rest/v1/users?select=%2A&id=eq.26baf3c1-a56a-4949-baf2-c498a89c9d16 "HTTP/2 200 OK"
2026-02-06 22:51:19,322 - httpx - INFO - HTTP Request: GET https://api.airtable.com/v0/app5tWcCHbfzCp0Mk/Master%20List?filterByFormula=AND(%7BType%20of%20Case%7D%21%3D%27Lead%27%2C%20%7BActive/Inactive%7D%3D%27Active%27)&maxRecords=1000 "HTTP/1.1 200 OK"
2026-02-06 22:51:19,930 - httpx - INFO - HTTP Request: GET https://api.airtable.com/v0/app5tWcCHbfzCp0Mk/Master%20List?filterByFormula=AND(%7BDate%20of%20Consult%7D%21%3D%27%27%2C%20IS_AFTER(%7BDate%20of%20Consult%7D%2C%20%272026-01-07%27)%2C%20IS_BEFORE(%7BDate%20of%20Consult%7D%2C%20%272026-03-08%27))&maxRecords=50&sort%5B0%5D%5Bfield%5D=Date%20of%20Consult&sort%5B0%5D%5Bdirection%5D=desc "HTTP/1.1 200 OK"
2026-02-06 22:51:20,270 - httpx - INFO - HTTP Request: GET https://api.airtable.com/v0/app5tWcCHbfzCp0Mk/Dates%20%26%20Deadlines?filterByFormula=AND(IS_AFTER(%7BDate%7D%2C%20%272026-02-06%27)%2C%20IS_BEFORE(%7BDate%7D%2C%20%272026-03-08%27))&maxRecords=20&sort%5B0%5D%5Bfield%5D=Date&sort%5B0%5D%5Bdirection%5D=asc "HTTP/1.1 200 OK"
2026-02-06 22:51:20,598 - httpx - INFO - HTTP Request: GET https://api.airtable.com/v0/app5tWcCHbfzCp0Mk/Master%20List/recNFA2o80iHIl8OY "HTTP/1.1 200 OK"
2026-02-06 22:51:20,934 - httpx - INFO - HTTP Request: GET https://api.airtable.com/v0/app5tWcCHbfzCp0Mk/Master%20List/recaEgfggM6MYCkRV "HTTP/1.1 200 OK"
2026-02-06 22:51:21,362 - httpx - INFO - HTTP Request: GET https://api.airtable.com/v0/app5tWcCHbfzCp0Mk/Master%20List/rec0D7Fh7aN3VOXRK "HTTP/1.1 200 OK"
2026-02-06 22:51:21,704 - httpx - INFO - HTTP Request: GET https://api.airtable.com/v0/app5tWcCHbfzCp0Mk/Master%20List/recl7mc4mJwtBHG4D "HTTP/1.1 200 OK"
2026-02-06 22:51:22,053 - httpx - INFO - HTTP Request: GET https://api.airtable.com/v0/app5tWcCHbfzCp0Mk/Master%20List/recsMoKWrPnDBP7y5 "HTTP/1.1 200 OK"
2026-02-06 22:51:22,390 - httpx - INFO - HTTP Request: GET https://api.airtable.com/v0/app5tWcCHbfzCp0Mk/Master%20List/recu6Vev63JWV9vZa "HTTP/1.1 200 OK"
2026-02-06 22:51:22,726 - httpx - INFO - HTTP Request: GET https://api.airtable.com/v0/app5tWcCHbfzCp0Mk/Master%20List/recE7tGauDNZ5UfCD "HTTP/1.1 200 OK"
2026-02-06 22:51:23,063 - httpx - INFO - HTTP Request: GET https://api.airtable.com/v0/app5tWcCHbfzCp0Mk/Master%20List/recWM8DhGRipQK6BY "HTTP/1.1 200 OK"
2026-02-06 22:51:23,395 - httpx - INFO - HTTP Request: GET https://api.airtable.com/v0/app5tWcCHbfzCp0Mk/Master%20List/rec9Q8prSx9ZWjre0 "HTTP/1.1 200 OK"
2026-02-06 22:51:23,753 - httpx - INFO - HTTP Request: GET https://api.airtable.com/v0/app5tWcCHbfzCp0Mk/Master%20List/rec1vHuTSJ08uLYzX "HTTP/1.1 200 OK"
INFO:     127.0.0.1:41874 - "GET /api/airtable/dashboard HTTP/1.1" 200 OK
2026-02-06 22:55:15,923 - httpx - INFO - HTTP Request: GET https://vxblnqeiujmjkydxnqex.supabase.co/rest/v1/users?select=id&limit=1 "HTTP/2 200 OK"
INFO:     127.0.0.1:54838 - "GET /api/auth/health HTTP/1.1" 200 OK
